#
# There is insufficient memory for the Java Runtime Environment to continue.
# Native memory allocation (mmap) failed to map 266338304 bytes for Failed to commit area from 0x0000000702600000 to 0x0000000712400000 of length 266338304.
# Possible reasons:
#   The system is out of physical RAM or swap space
#   The process is running with CompressedOops enabled, and the Java Heap may be blocking the growth of the native heap
# Possible solutions:
#   Reduce memory load on the system
#   Increase physical memory or swap space
#   Check if swap backing store is full
#   Decrease Java heap size (-Xmx/-Xms)
#   Decrease number of Java threads
#   Decrease Java thread stack sizes (-Xss)
#   Set larger code cache with -XX:ReservedCodeCacheSize=
# This output file may be truncated or incomplete.
#
#  Out of Memory Error (./open/src/hotspot/os/windows/os_windows.cpp:3273), pid=10612, tid=17084
#
# JRE version:  (11.0.10+8) (build )
# Java VM: Java HotSpot(TM) 64-Bit Server VM (11.0.10+8-LTS-162, mixed mode, sharing, tiered, compressed oops, g1 gc, windows-amd64)
# No core dump will be written. Minidumps are not enabled by default on client versions of Windows
#

---------------  S U M M A R Y ------------

Command Line: -javaagent:D:\JetBrains\IntelliJ IDEA Community Edition 2021.3.2\lib\idea_rt.jar=58587:D:\JetBrains\IntelliJ IDEA Community Edition 2021.3.2\bin -Dfile.encoding=UTF-8 Main

Host: Intel(R) Core(TM) i5-9300H CPU @ 2.40GHz, 8 cores, 15G,  Windows 10 , 64 bit Build 18362 (10.0.18362.1110)
Time: Wed Jun  8 21:09:24 2022 GTB Daylight Time elapsed time: 0.023863 seconds (0d 0h 0m 0s)

---------------  T H R E A D  ---------------

Current thread (0x0000018bb7dba000):  JavaThread "Unknown thread" [_thread_in_vm, id=17084, stack(0x000000554cd00000,0x000000554ce00000)]

Stack: [0x000000554cd00000,0x000000554ce00000]
Native frames: (J=compiled Java code, j=interpreted, Vv=VM code, C=native code)
V  [jvm.dll+0x613e6a]
V  [jvm.dll+0x74c1ff]
V  [jvm.dll+0x74d885]
V  [jvm.dll+0x74df03]
V  [jvm.dll+0x243b78]
V  [jvm.dll+0x61125a]
V  [jvm.dll+0x606165]
V  [jvm.dll+0x2f85fc]
V  [jvm.dll+0x2f8482]
V  [jvm.dll+0x2fd136]
V  [jvm.dll+0x33f6bf]
V  [jvm.dll+0x33f0f0]
V  [jvm.dll+0x2d5d08]
V  [jvm.dll+0x2d6e66]
V  [jvm.dll+0x727d17]
V  [jvm.dll+0x7295bf]
V  [jvm.dll+0x34c4a9]
V  [jvm.dll+0x70d6b0]
V  [jvm.dll+0x3b584f]
V  [jvm.dll+0x3b7951]
C  [jli.dll+0x520b]
C  [ucrtbase.dll+0x210b2]
C  [KERNEL32.DLL+0x17c24]
C  [ntdll.dll+0x6cea1]


---------------  P R O C E S S  ---------------

Threads class SMR info:
_java_thread_list=0x0000018bb5be7290, length=0, elements={
}

Java Threads: ( => current thread )

Other Threads:
  0x0000018bb7dcf000 GCTaskThread "GC Thread#0" [stack: 0x000000554ce00000,0x000000554cf00000] [id=22776]
  0x0000018bb7e2d800 ConcurrentGCThread "G1 Main Marker" [stack: 0x000000554cf00000,0x000000554d000000] [id=25584]
  0x0000018bb7e30000 ConcurrentGCThread "G1 Conc#0" [stack: 0x000000554d000000,0x000000554d100000] [id=17180]

[error occurred during error reporting (printing all threads), id 0xc0000005, EXCEPTION_ACCESS_VIOLATION (0xc0000005) at pc=0x00007ffe0cbb4f57]

VM state:not at safepoint (not fully initialized)

VM Mutex/Monitor currently owned by a thread:  ([mutex/lock_event])
[0x0000018bb7db6330] Heap_lock - owner thread: 0x0000018bb7dba000

Heap address: 0x0000000702600000, size: 4058 MB, Compressed Oops mode: Non-zero based: 0x0000000702600000
Narrow klass base: 0x0000000000000000, Narrow klass shift: 0

GC Heap History (0 events):
No events

Deoptimization events (0 events):
No events

Classes redefined (0 events):
No events

Internal exceptions (0 events):
No events

Events (0 events):
No events


Dynamic libraries:
0x00007ff6548e0000 - 0x00007ff6548ef000 	D:\Java 11\jdk-11.0.10\bin\java.exe
0x00007ffee3f40000 - 0x00007ffee4130000 	C:\Windows\SYSTEM32\ntdll.dll
0x00007ffee2020000 - 0x00007ffee20d2000 	C:\Windows\System32\KERNEL32.DLL
0x00007ffee1750000 - 0x00007ffee19f5000 	C:\Windows\System32\KERNELBASE.dll
0x00007ffee1b50000 - 0x00007ffee1c4a000 	C:\Windows\System32\ucrtbase.dll
0x00007ffeb12f0000 - 0x00007ffeb1305000 	D:\Java 11\jdk-11.0.10\bin\VCRUNTIME140.dll
0x00007ffed9930000 - 0x00007ffed9948000 	D:\Java 11\jdk-11.0.10\bin\jli.dll
0x00007ffee2b70000 - 0x00007ffee2c13000 	C:\Windows\System32\ADVAPI32.dll
0x00007ffee3b10000 - 0x00007ffee3bae000 	C:\Windows\System32\msvcrt.dll
0x00007ffee20e0000 - 0x00007ffee2177000 	C:\Windows\System32\sechost.dll
0x00007ffee3980000 - 0x00007ffee3aa0000 	C:\Windows\System32\RPCRT4.dll
0x00007ffee2e70000 - 0x00007ffee3004000 	C:\Windows\System32\USER32.dll
0x00007ffee1df0000 - 0x00007ffee1e11000 	C:\Windows\System32\win32u.dll
0x00007ffec6f90000 - 0x00007ffec7214000 	C:\Windows\WinSxS\amd64_microsoft.windows.common-controls_6595b64144ccf1df_6.0.18362.1139_none_9e7bf2d3e4605ac6\COMCTL32.dll
0x00007ffee2ac0000 - 0x00007ffee2ae6000 	C:\Windows\System32\GDI32.dll
0x00007ffee3bc0000 - 0x00007ffee3ef5000 	C:\Windows\System32\combase.dll
0x00007ffee1c50000 - 0x00007ffee1de6000 	C:\Windows\System32\gdi32full.dll
0x00007ffee1a00000 - 0x00007ffee1a80000 	C:\Windows\System32\bcryptPrimitives.dll
0x00007ffee0f30000 - 0x00007ffee0fce000 	C:\Windows\System32\msvcp_win.dll
0x00007ffed9530000 - 0x00007ffed953a000 	C:\Windows\SYSTEM32\VERSION.dll
0x00007ffee1ff0000 - 0x00007ffee201e000 	C:\Windows\System32\IMM32.DLL
0x00007ffe81e60000 - 0x00007ffe81efb000 	D:\Java 11\jdk-11.0.10\bin\msvcp140.dll
0x00007ffe0c8d0000 - 0x00007ffe0d3cb000 	D:\Java 11\jdk-11.0.10\bin\server\jvm.dll
0x00007ffee3bb0000 - 0x00007ffee3bb8000 	C:\Windows\System32\PSAPI.DLL
0x00007ffedd6f0000 - 0x00007ffedd714000 	C:\Windows\SYSTEM32\WINMM.dll
0x00007ffedd750000 - 0x00007ffedd759000 	C:\Windows\SYSTEM32\WSOCK32.dll
0x00007ffee3aa0000 - 0x00007ffee3b0f000 	C:\Windows\System32\WS2_32.dll
0x00007ffedd6c0000 - 0x00007ffedd6ed000 	C:\Windows\SYSTEM32\winmmbase.dll
0x00007ffee1e20000 - 0x00007ffee1e6a000 	C:\Windows\System32\cfgmgr32.dll
0x00007ffee0eb0000 - 0x00007ffee0ec1000 	C:\Windows\System32\kernel.appcore.dll
0x00007ffedb6a0000 - 0x00007ffedb6b0000 	D:\Java 11\jdk-11.0.10\bin\verify.dll
0x00007ffedf710000 - 0x00007ffedf904000 	C:\Windows\SYSTEM32\DBGHELP.DLL
0x00007ffec19b0000 - 0x00007ffec19da000 	C:\Windows\SYSTEM32\dbgcore.DLL
0x00007ffe919f0000 - 0x00007ffe91a18000 	D:\Java 11\jdk-11.0.10\bin\java.dll
0x00007ffec6ec0000 - 0x00007ffec6eca000 	D:\Java 11\jdk-11.0.10\bin\jimage.dll
0x00007ffebd790000 - 0x00007ffebd79e000 	D:\Java 11\jdk-11.0.10\bin\instrument.dll
0x00007ffeaf480000 - 0x00007ffeaf496000 	D:\Java 11\jdk-11.0.10\bin\zip.dll

dbghelp: loaded successfully - version: 4.0.5 - missing functions: none
symbol engine: initialized successfully - sym options: 0x614 - pdb path: .;D:\Java 11\jdk-11.0.10\bin;C:\Windows\SYSTEM32;C:\Windows\WinSxS\amd64_microsoft.windows.common-controls_6595b64144ccf1df_6.0.18362.1139_none_9e7bf2d3e4605ac6;D:\Java 11\jdk-11.0.10\bin\server

VM Arguments:
jvm_args: -javaagent:D:\JetBrains\IntelliJ IDEA Community Edition 2021.3.2\lib\idea_rt.jar=58587:D:\JetBrains\IntelliJ IDEA Community Edition 2021.3.2\bin -Dfile.encoding=UTF-8 
java_command: Main
java_class_path (initial): D:\Git Repos\pub-sub-broker\threading_pub_sub\target\classes
Launcher Type: SUN_STANDARD

[Global flags]
     intx CICompilerCount                          = 4                                         {product} {ergonomic}
     uint ConcGCThreads                            = 2                                         {product} {ergonomic}
     uint G1ConcRefinementThreads                  = 8                                         {product} {ergonomic}
   size_t G1HeapRegionSize                         = 1048576                                   {product} {ergonomic}
    uintx GCDrainStackTargetSize                   = 64                                        {product} {ergonomic}
   size_t InitialHeapSize                          = 266338304                                 {product} {ergonomic}
   size_t MarkStackSize                            = 4194304                                   {product} {ergonomic}
   size_t MaxHeapSize                              = 4255121408                                {product} {ergonomic}
   size_t MinHeapDeltaBytes                        = 1048576                                   {product} {ergonomic}
    uintx NonNMethodCodeHeapSize                   = 5836300                                {pd product} {ergonomic}
    uintx NonProfiledCodeHeapSize                  = 122910970                              {pd product} {ergonomic}
    uintx ProfiledCodeHeapSize                     = 122910970                              {pd product} {ergonomic}
    uintx ReservedCodeCacheSize                    = 251658240                              {pd product} {ergonomic}
     bool SegmentedCodeCache                       = true                                      {product} {ergonomic}
     bool UseCompressedClassPointers               = true                                 {lp64_product} {ergonomic}
     bool UseCompressedOops                        = true                                 {lp64_product} {ergonomic}
     bool UseG1GC                                  = true                                      {product} {ergonomic}
     bool UseLargePagesIndividualAllocation        = false                                  {pd product} {ergonomic}

Logging:
Log output configuration:
 #0: stdout all=warning uptime,level,tags
 #1: stderr all=off uptime,level,tags

Environment Variables:
JAVA_HOME=D:\Oracle\jdk-13.0.2
PATH=C:\Python310\Scripts\;C:\Python310\;C:\Program Files\Microsoft MPI\Bin\;C:\Program Files (x86)\Common Files\Intel\Shared Libraries\redist\intel64\compiler;D:\Java 11\jdk-11.0.10\bin;D:\Python 3.6\Scripts\;D:\Python 3.6\;C:\Python38\Scripts\;C:\Python38\;D:\New folder\instantclient_19_6;C:\Program Files (x86)\Common Files\Oracle\Java\javapath;C:\oraclexe\app\oracle\product\11.2.0\server\bin;C:\Windows\system32;C:\Windows;C:\Windows\System32\Wbem;C:\Windows\System32\WindowsPowerShell\v1.0\;C:\Windows\System32\OpenSSH\;C:\Program Files\Git LFS;C:\Program Files\Git\cmd;C:\ProgramData\chocolatey\bin;D:\Documents\Python;C:\Users\aliba\AppData\Roaming\Python\Python38\Scripts;C:\Program Files\dotnet\;C:\Program Files\Microsoft\Web Platform Installer\;D:\Anaconda;D:\Anaconda\Library\mingw-w64\bin;D:\Anaconda\Library\usr\bin;D:\Anaconda\Library\bin;D:\Anaconda\Scripts;C:\Program Files (x86)\NVIDIA Corporation\PhysX\Common;C:\Program Files\NVIDIA Corporation\NVIDIA NvDLISR;D:\Documents\Computer Graphics\glut\glut32.dll;D:\Putty\;D:\nodeJS;D:\AppData\Roaming\nvm;D:\AppData\Roaming\npm;D:\AppData\Roaming\nvm;C:\Program Files\nodejs;D:\Sonar-Scanner;D:\php;D:\Composer;C:\Program Files\Microsoft SQL Server\130\Tools\Binn\;D:\nodejs\;C:\Program Files\Microsoft SQL Server\150\Tools\Binn\;C:\Program Files\Microsoft SQL Server\Client SDK\ODBC\170\Tools\Binn\;D:\Python 3.6\;D:\Python 3.6\Scripts\;D:\New folder\instantclient_19_6;D:\Java 11\jdk-11.0.10\bin;C:\Users\aliba\AppData\Local\GitHubDesktop\bin;D:\GitHubDesktop\bin;D:\Microsoft VS Code\bin;C:\Users\aliba\.dotnet\tools;C:\Users\aliba\AppData\Roaming\Python\Python38\Scripts;C:\Python38\Scripts\;C:\Python38\;C:\Users\aliba\.dotnet\tools;D:\PyCharm Community Edition 2020.3.1\bin;;D:\Documents\Computer Graphics\glut\glut32.dll;D:\AppData\Roaming\nvm;D:\nodeJS;D:\AppData\Roaming\nvm;C:\Program Files\nodejs;C:\Users\aliba\AppData\Roaming\npm\wp-env;D:\Sonar-Scanner;D:\Visual Studio Preview\MSBuild\Current\Bin;D:\PhpStorm 2021.1.1\bin
USERNAME=aliba
OS=Windows_NT
PROCESSOR_IDENTIFIER=Intel64 Family 6 Model 158 Stepping 13, GenuineIntel



---------------  S Y S T E M  ---------------

OS: Windows 10 , 64 bit Build 18362 (10.0.18362.1110)

CPU:total 8 (initial active 8) (4 cores per cpu, 2 threads per core) family 6 model 158 stepping 13 microcode 0xca, cmov, cx8, fxsr, mmx, sse, sse2, sse3, ssse3, sse4.1, sse4.2, popcnt, avx, avx2, aes, clmul, erms, 3dnowpref, lzcnt, ht, tsc, tscinvbit, bmi1, bmi2, adx, fma

Memory: 4k page, system-wide physical 16225M (3834M free)
TotalPageFile size 18737M (AvailPageFile size 217M)
current process WorkingSet (physical memory assigned to process): 10M, peak: 10M
current process commit charge ("private bytes"): 60M, peak: 314M

vm_info: Java HotSpot(TM) 64-Bit Server VM (11.0.10+8-LTS-162) for windows-amd64 JRE (11.0.10+8-LTS-162), built on Dec  8 2020 16:32:57 by "mach5one" with MS VC++ 15.9 (VS2017)

END.
